
Showing logs for build [32mtm-project-code-environment-pro-kckm2-1[0m stage [32mfrom-build-pack[0m and container [32mstep-credential-initializer-p2l8j[0m
{"level":"warn","ts":1586331894.2218184,"logger":"fallback-logger","caller":"logging/config.go:69","msg":"Fetch GitHub commit ID from kodata failed: \"ref: refs/heads/0.8.0-**-support-backwards-incompats\" is not a valid GitHub commit ID"}
{"level":"info","ts":1586331894.222641,"logger":"fallback-logger","caller":"creds-init/main.go:40","msg":"Credentials initialized."}

Showing logs for build [32mtm-project-code-environment-pro-kckm2-1[0m stage [32mfrom-build-pack[0m and container [32mstep-working-dir-initializer-8d2s7[0m
{"level":"warn","ts":1586331895.2210307,"logger":"fallback-logger","caller":"logging/config.go:69","msg":"Fetch GitHub commit ID from kodata failed: open /var/run/ko/HEAD: no such file or directory"}
{"level":"info","ts":1586331895.2231658,"logger":"fallback-logger","caller":"bash/main.go:64","msg":"Successfully executed command \"sh -c mkdir -p /workspace/source\"; output "}

Showing logs for build [32mtm-project-code-environment-pro-kckm2-1[0m stage [32mfrom-build-pack[0m and container [32mstep-place-tools[0m

Showing logs for build [32mtm-project-code-environment-pro-kckm2-1[0m stage [32mfrom-build-pack[0m and container [32mstep-git-source-tm-project-code-environment-pro-kckm2-d52zm[0m
{"level":"warn","ts":1586331899.3117206,"logger":"fallback-logger","caller":"logging/config.go:69","msg":"Fetch GitHub commit ID from kodata failed: \"ref: refs/heads/0.8.0-**-support-backwards-incompats\" is not a valid GitHub commit ID"}
{"level":"info","ts":1586331900.353211,"logger":"fallback-logger","caller":"git/git.go:103","msg":"Successfully cloned https://github.com/tm-project-code/environment-projectcode**-staging.git @ master in path /workspace/source"}

Showing logs for build [32mtm-project-code-environment-pro-kckm2-1[0m stage [32mfrom-build-pack[0m and container [32mstep-git-merge[0m
Using SHAs from PULL_REFS=master:e7ba162699195681bab999bf05bf150404fa6443,7:a39514afe5889728987022280e50bbcda7a52881
DEBUG: JX_LOG_LEVEL=error LC_ALL=C git fetch origin --unshallow a39514afe5889728987022280e50bbcda7a52881: e7ba162699195681bab999bf05bf150404fa6443:
DEBUG: ran git fetch --unshallow origin a39514afe5889728987022280e50bbcda7a52881: e7ba162699195681bab999bf05bf150404fa6443: in 
DEBUG: LC_ALL=C JX_LOG_LEVEL=error git branch
DEBUG: JX_LOG_LEVEL=error LC_ALL=C git checkout master
DEBUG: ran git checkout master in 
DEBUG: LC_ALL=C JX_LOG_LEVEL=error git reset --hard e7ba162699195681bab999bf05bf150404fa6443
DEBUG: ran git reset --hard e7ba162699195681bab999bf05bf150404fa6443 in 
DEBUG: LC_ALL=C JX_LOG_LEVEL=error git clean -fd .
DEBUG: ran clean --force -d . in 
DEBUG: LC_ALL=C JX_LOG_LEVEL=error git merge a39514afe5889728987022280e50bbcda7a52881
DEBUG: ran git merge a39514afe5889728987022280e50bbcda7a52881 in 
DEBUG: LC_ALL=C JX_LOG_LEVEL=error git log --format=%H%x1f%an%x1f%ae%x1f%cn%x1f%ce%x1f%s%n%b%x1e e7ba162699195681bab999bf05bf150404fa6443..HEAD
Merged SHA a39514afe5889728987022280e50bbcda7a52881 with commit message 'The command `** delete application` was run by vvanouytsel and it generated this Pull Request' into base branch master

Showing logs for build [32mtm-project-code-environment-pro-kckm2-1[0m stage [32mfrom-build-pack[0m and container [32mstep-build-helm-build[0m
WARNING: No $CHART_REPOSITORY defined so using the default value of: http://jenkins-x-chartmuseum:8080
Adding missing Helm repo: storage.googleapis.com https://storage.googleapis.com/chartmuseum.jenkins-x.io
Successfully added Helm repository storage.googleapis.com.
Adding missing Helm repo: jenkins-x-chartmuseum http://jenkins-x-chartmuseum:8080
Successfully added Helm repository jenkins-x-chartmuseum.
WARNING: No $CHART_REPOSITORY defined so using the default value of: http://jenkins-x-chartmuseum:8080
Adding missing Helm repo: chartmuseum.jenkins-x.io http://chartmuseum.jenkins-x.io
Successfully added Helm repository chartmuseum.jenkins-x.io.
