
Showing logs for build [32mtm-project-code-environment-pro-g4g9j-1[0m stage [32mfrom-build-pack[0m and container [32mstep-credential-initializer-8zgl2[0m
{"level":"warn","ts":1586331651.3946388,"logger":"fallback-logger","caller":"logging/config.go:69","msg":"Fetch GitHub commit ID from kodata failed: \"ref: refs/heads/0.8.0-**-support-backwards-incompats\" is not a valid GitHub commit ID"}
{"level":"info","ts":1586331651.3951051,"logger":"fallback-logger","caller":"creds-init/main.go:40","msg":"Credentials initialized."}

Showing logs for build [32mtm-project-code-environment-pro-g4g9j-1[0m stage [32mfrom-build-pack[0m and container [32mstep-working-dir-initializer-pj49k[0m
{"level":"warn","ts":1586331652.3750982,"logger":"fallback-logger","caller":"logging/config.go:69","msg":"Fetch GitHub commit ID from kodata failed: open /var/run/ko/HEAD: no such file or directory"}
{"level":"info","ts":1586331652.3767993,"logger":"fallback-logger","caller":"bash/main.go:64","msg":"Successfully executed command \"sh -c mkdir -p /workspace/source\"; output "}

Showing logs for build [32mtm-project-code-environment-pro-g4g9j-1[0m stage [32mfrom-build-pack[0m and container [32mstep-place-tools[0m

Showing logs for build [32mtm-project-code-environment-pro-g4g9j-1[0m stage [32mfrom-build-pack[0m and container [32mstep-git-source-tm-project-code-environment-pro-g4g9j-fngpj[0m
{"level":"warn","ts":1586331657.515488,"logger":"fallback-logger","caller":"logging/config.go:69","msg":"Fetch GitHub commit ID from kodata failed: \"ref: refs/heads/0.8.0-**-support-backwards-incompats\" is not a valid GitHub commit ID"}
{"level":"info","ts":1586331658.5511491,"logger":"fallback-logger","caller":"git/git.go:103","msg":"Successfully cloned https://github.com/tm-project-code/environment-projectcode**-staging.git @ master in path /workspace/source"}

Showing logs for build [32mtm-project-code-environment-pro-g4g9j-1[0m stage [32mfrom-build-pack[0m and container [32mstep-git-merge[0m
Using SHAs from PULL_REFS=master:3c14a8b5dc81d980a651ed13d8a18a60833468f9,6:acba36bdcae164757841addaaea6279e525fb10f
DEBUG: JX_LOG_LEVEL=error LC_ALL=C git fetch origin --unshallow acba36bdcae164757841addaaea6279e525fb10f: 3c14a8b5dc81d980a651ed13d8a18a60833468f9:
DEBUG: ran git fetch --unshallow origin acba36bdcae164757841addaaea6279e525fb10f: 3c14a8b5dc81d980a651ed13d8a18a60833468f9: in 
DEBUG: LC_ALL=C JX_LOG_LEVEL=error git branch
DEBUG: LC_ALL=C JX_LOG_LEVEL=error git checkout master
DEBUG: ran git checkout master in 
DEBUG: JX_LOG_LEVEL=error LC_ALL=C git reset --hard 3c14a8b5dc81d980a651ed13d8a18a60833468f9
DEBUG: ran git reset --hard 3c14a8b5dc81d980a651ed13d8a18a60833468f9 in 
DEBUG: JX_LOG_LEVEL=error LC_ALL=C git clean -fd .
DEBUG: ran clean --force -d . in 
DEBUG: LC_ALL=C JX_LOG_LEVEL=error git merge acba36bdcae164757841addaaea6279e525fb10f
DEBUG: ran git merge acba36bdcae164757841addaaea6279e525fb10f in 
DEBUG: LC_ALL=C JX_LOG_LEVEL=error git log --format=%H%x1f%an%x1f%ae%x1f%cn%x1f%ce%x1f%s%n%b%x1e 3c14a8b5dc81d980a651ed13d8a18a60833468f9..HEAD
Merged SHA acba36bdcae164757841addaaea6279e525fb10f with commit message 'chore: Promote python-ex2 to version 0.0.4' into base branch master

Showing logs for build [32mtm-project-code-environment-pro-g4g9j-1[0m stage [32mfrom-build-pack[0m and container [32mstep-build-helm-build[0m
WARNING: No $CHART_REPOSITORY defined so using the default value of: http://jenkins-x-chartmuseum:8080
Adding missing Helm repo: storage.googleapis.com https://storage.googleapis.com/chartmuseum.jenkins-x.io
Successfully added Helm repository storage.googleapis.com.
Adding missing Helm repo: jenkins-x-chartmuseum http://jenkins-x-chartmuseum:8080
Successfully added Helm repository jenkins-x-chartmuseum.
WARNING: No $CHART_REPOSITORY defined so using the default value of: http://jenkins-x-chartmuseum:8080
Adding missing Helm repo: chartmuseum.jenkins-x.io http://chartmuseum.jenkins-x.io
Successfully added Helm repository chartmuseum.jenkins-x.io.
