
Showing logs for build [32mtm-project-code-environment-pro-crl59-1[0m stage [32mfrom-build-pack[0m and container [32mstep-credential-initializer-svdpr[0m
{"level":"warn","ts":1586330621.983973,"logger":"fallback-logger","caller":"logging/config.go:69","msg":"Fetch GitHub commit ID from kodata failed: \"ref: refs/heads/0.8.0-**-support-backwards-incompats\" is not a valid GitHub commit ID"}
{"level":"info","ts":1586330621.9842954,"logger":"fallback-logger","caller":"creds-init/main.go:40","msg":"Credentials initialized."}

Showing logs for build [32mtm-project-code-environment-pro-crl59-1[0m stage [32mfrom-build-pack[0m and container [32mstep-working-dir-initializer-j7spk[0m
{"level":"warn","ts":1586330623.4173248,"logger":"fallback-logger","caller":"logging/config.go:69","msg":"Fetch GitHub commit ID from kodata failed: open /var/run/ko/HEAD: no such file or directory"}
{"level":"info","ts":1586330623.4193938,"logger":"fallback-logger","caller":"bash/main.go:64","msg":"Successfully executed command \"sh -c mkdir -p /workspace/source\"; output "}

Showing logs for build [32mtm-project-code-environment-pro-crl59-1[0m stage [32mfrom-build-pack[0m and container [32mstep-place-tools[0m

Showing logs for build [32mtm-project-code-environment-pro-crl59-1[0m stage [32mfrom-build-pack[0m and container [32mstep-git-source-tm-project-code-environment-pro-crl59-8p9dr[0m
{"level":"warn","ts":1586330628.5239663,"logger":"fallback-logger","caller":"logging/config.go:69","msg":"Fetch GitHub commit ID from kodata failed: \"ref: refs/heads/0.8.0-**-support-backwards-incompats\" is not a valid GitHub commit ID"}
{"level":"info","ts":1586330629.531971,"logger":"fallback-logger","caller":"git/git.go:103","msg":"Successfully cloned https://github.com/tm-project-code/environment-projectcode**-staging.git @ master in path /workspace/source"}

Showing logs for build [32mtm-project-code-environment-pro-crl59-1[0m stage [32mfrom-build-pack[0m and container [32mstep-git-merge[0m
Using SHAs from PULL_REFS=master:40d27855c6078245140692610ca5efe22133b4d4,5:30f1a0abdad2615d974c139d504f85a8e142abd9
DEBUG: LC_ALL=C JX_LOG_LEVEL=error git fetch origin --unshallow 30f1a0abdad2615d974c139d504f85a8e142abd9: 40d27855c6078245140692610ca5efe22133b4d4:
DEBUG: ran git fetch --unshallow origin 30f1a0abdad2615d974c139d504f85a8e142abd9: 40d27855c6078245140692610ca5efe22133b4d4: in 
DEBUG: LC_ALL=C JX_LOG_LEVEL=error git branch
DEBUG: LC_ALL=C JX_LOG_LEVEL=error git checkout master
DEBUG: ran git checkout master in 
DEBUG: LC_ALL=C JX_LOG_LEVEL=error git reset --hard 40d27855c6078245140692610ca5efe22133b4d4
DEBUG: ran git reset --hard 40d27855c6078245140692610ca5efe22133b4d4 in 
DEBUG: JX_LOG_LEVEL=error LC_ALL=C git clean -fd .
DEBUG: ran clean --force -d . in 
DEBUG: LC_ALL=C JX_LOG_LEVEL=error git merge 30f1a0abdad2615d974c139d504f85a8e142abd9
DEBUG: ran git merge 30f1a0abdad2615d974c139d504f85a8e142abd9 in 
DEBUG: LC_ALL=C JX_LOG_LEVEL=error git log --format=%H%x1f%an%x1f%ae%x1f%cn%x1f%ce%x1f%s%n%b%x1e 40d27855c6078245140692610ca5efe22133b4d4..HEAD
Merged SHA 30f1a0abdad2615d974c139d504f85a8e142abd9 with commit message 'chore: Promote python-ex2 to version 0.0.3' into base branch master

Showing logs for build [32mtm-project-code-environment-pro-crl59-1[0m stage [32mfrom-build-pack[0m and container [32mstep-build-helm-build[0m
WARNING: No $CHART_REPOSITORY defined so using the default value of: http://jenkins-x-chartmuseum:8080
Adding missing Helm repo: storage.googleapis.com https://storage.googleapis.com/chartmuseum.jenkins-x.io
Successfully added Helm repository storage.googleapis.com.
Adding missing Helm repo: jenkins-x-chartmuseum http://jenkins-x-chartmuseum:8080
Successfully added Helm repository jenkins-x-chartmuseum.
WARNING: No $CHART_REPOSITORY defined so using the default value of: http://jenkins-x-chartmuseum:8080
Adding missing Helm repo: chartmuseum.jenkins-x.io http://chartmuseum.jenkins-x.io
Successfully added Helm repository chartmuseum.jenkins-x.io.
