
Showing logs for build [32mtm-project-code-environment-pro-xslzp-1[0m stage [32mfrom-build-pack[0m and container [32mstep-credential-initializer-ssc2z[0m
{"level":"warn","ts":1586339397.2782805,"logger":"fallback-logger","caller":"logging/config.go:69","msg":"Fetch GitHub commit ID from kodata failed: \"ref: refs/heads/0.8.0-**-support-backwards-incompats\" is not a valid GitHub commit ID"}
{"level":"info","ts":1586339397.2787197,"logger":"fallback-logger","caller":"creds-init/main.go:40","msg":"Credentials initialized."}

Showing logs for build [32mtm-project-code-environment-pro-xslzp-1[0m stage [32mfrom-build-pack[0m and container [32mstep-working-dir-initializer-m42zs[0m
{"level":"warn","ts":1586339398.0914474,"logger":"fallback-logger","caller":"logging/config.go:69","msg":"Fetch GitHub commit ID from kodata failed: open /var/run/ko/HEAD: no such file or directory"}
{"level":"info","ts":1586339398.0933988,"logger":"fallback-logger","caller":"bash/main.go:64","msg":"Successfully executed command \"sh -c mkdir -p /workspace/source\"; output "}

Showing logs for build [32mtm-project-code-environment-pro-xslzp-1[0m stage [32mfrom-build-pack[0m and container [32mstep-place-tools[0m

Showing logs for build [32mtm-project-code-environment-pro-xslzp-1[0m stage [32mfrom-build-pack[0m and container [32mstep-git-source-tm-project-code-environment-pro-xslzp-pf2xr[0m
{"level":"warn","ts":1586339403.1355393,"logger":"fallback-logger","caller":"logging/config.go:69","msg":"Fetch GitHub commit ID from kodata failed: \"ref: refs/heads/0.8.0-**-support-backwards-incompats\" is not a valid GitHub commit ID"}
{"level":"info","ts":1586339404.3044536,"logger":"fallback-logger","caller":"git/git.go:103","msg":"Successfully cloned https://github.com/tm-project-code/environment-projectcode**-staging.git @ master in path /workspace/source"}

Showing logs for build [32mtm-project-code-environment-pro-xslzp-1[0m stage [32mfrom-build-pack[0m and container [32mstep-git-merge[0m
Using SHAs from PULL_REFS=master:cf2a129367f203e13ee8d0ac05e3add7833a2080,8:ace0be7976ad5531a205d71b1cf700ebe2f7e431
DEBUG: LC_ALL=C JX_LOG_LEVEL=error git fetch origin --unshallow ace0be7976ad5531a205d71b1cf700ebe2f7e431: cf2a129367f203e13ee8d0ac05e3add7833a2080:
DEBUG: ran git fetch --unshallow origin ace0be7976ad5531a205d71b1cf700ebe2f7e431: cf2a129367f203e13ee8d0ac05e3add7833a2080: in 
DEBUG: LC_ALL=C JX_LOG_LEVEL=error git branch
DEBUG: LC_ALL=C JX_LOG_LEVEL=error git checkout master
DEBUG: ran git checkout master in 
DEBUG: LC_ALL=C JX_LOG_LEVEL=error git reset --hard cf2a129367f203e13ee8d0ac05e3add7833a2080
DEBUG: ran git reset --hard cf2a129367f203e13ee8d0ac05e3add7833a2080 in 
DEBUG: JX_LOG_LEVEL=error LC_ALL=C git clean -fd .
DEBUG: ran clean --force -d . in 
DEBUG: LC_ALL=C JX_LOG_LEVEL=error git merge ace0be7976ad5531a205d71b1cf700ebe2f7e431
DEBUG: ran git merge ace0be7976ad5531a205d71b1cf700ebe2f7e431 in 
DEBUG: LC_ALL=C JX_LOG_LEVEL=error git log --format=%H%x1f%an%x1f%ae%x1f%cn%x1f%ce%x1f%s%n%b%x1e cf2a129367f203e13ee8d0ac05e3add7833a2080..HEAD
Merged SHA ace0be7976ad5531a205d71b1cf700ebe2f7e431 with commit message 'chore: Promote ex1 to version 0.0.1' into base branch master

Showing logs for build [32mtm-project-code-environment-pro-xslzp-1[0m stage [32mfrom-build-pack[0m and container [32mstep-build-helm-build[0m
WARNING: No $CHART_REPOSITORY defined so using the default value of: http://jenkins-x-chartmuseum:8080
Adding missing Helm repo: storage.googleapis.com https://storage.googleapis.com/chartmuseum.jenkins-x.io
Successfully added Helm repository storage.googleapis.com.
Adding missing Helm repo: jenkins-x-chartmuseum http://jenkins-x-chartmuseum:8080
Successfully added Helm repository jenkins-x-chartmuseum.
WARNING: No $CHART_REPOSITORY defined so using the default value of: http://jenkins-x-chartmuseum:8080
Adding missing Helm repo: chartmuseum.jenkins-x.io http://chartmuseum.jenkins-x.io
Successfully added Helm repository chartmuseum.jenkins-x.io.
